[0.015s] Invoking command in '/home/amenephous/df_ws/build/whisper_asr_node': CMAKE_PREFIX_PATH=${CMAKE_PREFIX_PATH}:/home/amenephous/selfdrive_ws/install/self_driving_car_pkg:/home/amenephous/ros2_ws/install/text_to_speech:/opt/ros/humble /usr/bin/cmake --build /home/amenephous/df_ws/build/whisper_asr_node -- -j8 -l8
[0.056s] [ 38%] Built target ggml-base
[0.076s] [ 71%] Built target ggml-cpu
[0.093s] [ 80%] Built target ggml
[0.107s] [ 90%] Built target whisper
[0.118s] [35m[1mConsolidate compiler generated dependencies of target whisper_asr[0m
[0.133s] [ 95%] [32mBuilding CXX object CMakeFiles/whisper_asr.dir/src/whisper_asr.cpp.o[0m
[1.956s] [01m[K/home/amenephous/df_ws/src/whisper_asr_node/src/whisper_asr.cpp:[m[K In member function â€˜[01m[Kvoid WhisperASRNode::processAudio()[m[Kâ€™:
[1.956s] [01m[K/home/amenephous/df_ws/src/whisper_asr_node/src/whisper_asr.cpp:23:36:[m[K [01;31m[Kerror: [m[Kvariable â€˜[01m[KWhisperASRNode::processAudio()::whisper_init_params params[m[Kâ€™ has initializer but incomplete type
[1.956s]    23 |         struct whisper_init_params [01;31m[Kparams[m[K = whisper_default_params();
[1.956s]       |                                    [01;31m[K^~~~~~[m[K
[1.964s] [01m[K/home/amenephous/df_ws/src/whisper_asr_node/src/whisper_asr.cpp:23:45:[m[K [01;31m[Kerror: [m[Kâ€˜[01m[Kwhisper_default_params[m[Kâ€™ was not declared in this scope; did you mean â€˜[01m[Kwhisper_full_params[m[Kâ€™?
[1.964s]    23 |         struct whisper_init_params params = [01;31m[Kwhisper_default_params[m[K();
[1.964s]       |                                             [01;31m[K^~~~~~~~~~~~~~~~~~~~~~[m[K
[1.964s]       |                                             [32m[Kwhisper_full_params[m[K
[1.966s] [01m[K/home/amenephous/df_ws/src/whisper_asr_node/src/whisper_asr.cpp:[m[K In member function â€˜[01m[Kstd::string WhisperASRNode::runTranscription(whisper_context*, const std::vector<float>&)[m[Kâ€™:
[1.966s] [01m[K/home/amenephous/df_ws/src/whisper_asr_node/src/whisper_asr.cpp:71:65:[m[K [01;31m[Kerror: [m[Ktoo few arguments to function â€˜[01m[Kwhisper_full_params whisper_full_default_params(whisper_sampling_strategy)[m[Kâ€™
[1.966s]    71 |         whisper_full_params params = [01;31m[Kwhisper_full_default_params()[m[K;
[1.966s]       |                                      [01;31m[K~~~~~~~~~~~~~~~~~~~~~~~~~~~^~[m[K
[1.966s] In file included from [01m[K/home/amenephous/df_ws/src/whisper_asr_node/src/whisper_asr.cpp:3[m[K:
[1.966s] [01m[K/home/amenephous/df_ws/src/whisper_asr_node/whisper_cpp/src/../include/whisper.h:579:46:[m[K [01;36m[Knote: [m[Kdeclared here
[1.966s]   579 |     WHISPER_API struct whisper_full_params   [01;36m[Kwhisper_full_default_params[m[K       (enum whisper_sampling_strategy strategy);
[1.966s]       |                                              [01;36m[K^~~~~~~~~~~~~~~~~~~~~~~~~~~[m[K
[2.953s] gmake[2]: *** [CMakeFiles/whisper_asr.dir/build.make:76: CMakeFiles/whisper_asr.dir/src/whisper_asr.cpp.o] Error 1
[2.953s] gmake[1]: *** [CMakeFiles/Makefile2:226: CMakeFiles/whisper_asr.dir/all] Error 2
[2.954s] gmake: *** [Makefile:146: all] Error 2
[2.960s] Invoked command in '/home/amenephous/df_ws/build/whisper_asr_node' returned '2': CMAKE_PREFIX_PATH=${CMAKE_PREFIX_PATH}:/home/amenephous/selfdrive_ws/install/self_driving_car_pkg:/home/amenephous/ros2_ws/install/text_to_speech:/opt/ros/humble /usr/bin/cmake --build /home/amenephous/df_ws/build/whisper_asr_node -- -j8 -l8
