-- The C compiler identification is GNU 11.4.0
-- The CXX compiler identification is GNU 11.4.0
-- Detecting C compiler ABI info
-- Detecting C compiler ABI info - done
-- Check for working C compiler: /usr/bin/cc - skipped
-- Detecting C compile features
-- Detecting C compile features - done
-- Detecting CXX compiler ABI info
-- Detecting CXX compiler ABI info - done
-- Check for working CXX compiler: /usr/bin/c++ - skipped
-- Detecting CXX compile features
-- Detecting CXX compile features - done
-- Found ament_cmake: 1.3.10 (/opt/ros/humble/share/ament_cmake/cmake)
-- Found Python3: /usr/bin/python3 (found version "3.10.12") found components: Interpreter 
-- Found rclcpp: 16.0.10 (/opt/ros/humble/share/rclcpp/cmake)
-- Found rosidl_generator_c: 3.1.5 (/opt/ros/humble/share/rosidl_generator_c/cmake)
-- Found rosidl_adapter: 3.1.5 (/opt/ros/humble/share/rosidl_adapter/cmake)
-- Found rosidl_generator_cpp: 3.1.5 (/opt/ros/humble/share/rosidl_generator_cpp/cmake)
-- Using all available rosidl_typesupport_c: rosidl_typesupport_fastrtps_c;rosidl_typesupport_introspection_c
-- Using all available rosidl_typesupport_cpp: rosidl_typesupport_fastrtps_cpp;rosidl_typesupport_introspection_cpp
-- Found rmw_implementation_cmake: 6.1.2 (/opt/ros/humble/share/rmw_implementation_cmake/cmake)
-- Found rmw_cyclonedds_cpp: 1.3.4 (/opt/ros/humble/share/rmw_cyclonedds_cpp/cmake)
-- Using RMW implementation 'rmw_cyclonedds_cpp' as default
-- Looking for pthread.h
-- Looking for pthread.h - found
-- Performing Test CMAKE_HAVE_LIBC_PTHREAD
-- Performing Test CMAKE_HAVE_LIBC_PTHREAD - Success
-- Found Threads: TRUE  
-- Configuring done
-- Generating done
-- Build files have been written to: /home/amenephous/df_ws/build/whisper_asr_node
[ 50%] [32mBuilding CXX object CMakeFiles/whisper_asr.dir/src/whisper_asr.cpp.o[0m
[01m[K/home/amenephous/df_ws/src/whisper_asr_node/src/whisper_asr.cpp:34:7:[m[K [01;31m[Kerror: [m[Kredefinition of â€˜[01m[Kclass WhisperASRNode[m[Kâ€™
   34 | class [01;31m[KWhisperASRNode[m[K : public rclcpp::Node {
      |       [01;31m[K^~~~~~~~~~~~~~[m[K
[01m[K/home/amenephous/df_ws/src/whisper_asr_node/src/whisper_asr.cpp:4:7:[m[K [01;36m[Knote: [m[Kprevious definition of â€˜[01m[Kclass WhisperASRNode[m[Kâ€™
    4 | class [01;36m[KWhisperASRNode[m[K : public rclcpp::Node {
      |       [01;36m[K^~~~~~~~~~~~~~[m[K
[01m[K/home/amenephous/df_ws/src/whisper_asr_node/src/whisper_asr.cpp:55:5:[m[K [01;31m[Kerror: [m[Kredefinition of â€˜[01m[Kint main(int, char**)[m[Kâ€™
   55 | int [01;31m[Kmain[m[K(int argc, char * argv[]) {
      |     [01;31m[K^~~~[m[K
[01m[K/home/amenephous/df_ws/src/whisper_asr_node/src/whisper_asr.cpp:25:5:[m[K [01;36m[Knote: [m[Kâ€˜[01m[Kint main(int, char**)[m[Kâ€™ previously defined here
   25 | int [01;36m[Kmain[m[K(int argc, char * argv[]) {
      |     [01;36m[K^~~~[m[K
gmake[2]: *** [CMakeFiles/whisper_asr.dir/build.make:76: CMakeFiles/whisper_asr.dir/src/whisper_asr.cpp.o] Error 1
gmake[1]: *** [CMakeFiles/Makefile2:137: CMakeFiles/whisper_asr.dir/all] Error 2
gmake: *** [Makefile:146: all] Error 2
